<?xml version="1.0" encoding="UTF-8"?>
<testng-results skipped="0" failed="0" ignored="0" total="1" passed="1">
  <reporter-output>
  </reporter-output>
  <suite name="Default suite" duration-ms="2109" started-at="2019-07-08T19:35:14Z" finished-at="2019-07-08T19:35:16Z">
    <groups>
    </groups>
    <test name="Default test" duration-ms="2109" started-at="2019-07-08T19:35:14Z" finished-at="2019-07-08T19:35:16Z">
      <class name="com.w2a.testcase.homepagelaunch">
        <test-method status="PASS" signature="setUp()[pri:0, instance:com.w2a.testcase.homepagelaunch@58695725]" name="setUp" is-config="true" duration-ms="28807" started-at="2019-07-08T20:34:45Z" finished-at="2019-07-08T20:35:14Z">
          <reporter-output>
          </reporter-output>
        </test-method> <!-- setUp -->
        <test-method status="PASS" signature="homepagelaunch()[pri:0, instance:com.w2a.testcase.homepagelaunch@58695725]" name="homepagelaunch" duration-ms="2007" started-at="2019-07-08T20:35:14Z" finished-at="2019-07-08T20:35:16Z">
          <reporter-output>
          </reporter-output>
        </test-method> <!-- homepagelaunch -->
        <test-method status="PASS" signature="tearDown()[pri:0, instance:com.w2a.testcase.homepagelaunch@58695725]" name="tearDown" is-config="true" duration-ms="1725" started-at="2019-07-08T20:35:16Z" finished-at="2019-07-08T20:35:17Z">
          <reporter-output>
          </reporter-output>
        </test-method> <!-- tearDown -->
      </class> <!-- com.w2a.testcase.homepagelaunch -->
    </test> <!-- Default test -->
  </suite> <!-- Default suite -->
</testng-results>
